<?xml version="1.0" encoding="UTF-8"?>
<!-- Generated by org.testng.reporters.JUnitReportReporter -->
<testsuite skipped="0" hostname="popcornapps" name="prog1" tests="1" failures="0" timestamp="07 Sep 2018 07:03:23 GMT" time="31.098" errors="0">
  <testcase name="display" time="31.098" classname="prog1"/>
</testsuite> <!-- prog1 -->
